<?xml version="1.0" encoding="UTF-8"?>
<testng-results skipped="4" failed="0" total="4" passed="0">
  <reporter-output>
  </reporter-output>
  <suite name="Suite" duration-ms="28693" started-at="2021-03-09T17:56:55Z" finished-at="2021-03-09T17:57:24Z">
    <groups>
    </groups>
    <test name="Test" duration-ms="28693" started-at="2021-03-09T17:56:55Z" finished-at="2021-03-09T17:57:24Z">
      <class name="Academy.ValidateTitle">
        <test-method status="SKIP" signature="basePageNavigation()[pri:0, instance:Academy.ValidateTitle@6a024a67]" name="basePageNavigation" duration-ms="0" started-at="2021-03-09T23:27:24Z" finished-at="2021-03-09T23:27:24Z">
          <reporter-output>
          </reporter-output>
        </test-method> <!-- basePageNavigation -->
      </class> <!-- Academy.ValidateTitle -->
      <class name="Academy.HomePage">
        <test-method status="FAIL" signature="initialize()[pri:0, instance:Academy.HomePage@4439f31e]" name="initialize" is-config="true" duration-ms="0" started-at="2021-03-09T23:26:55Z" finished-at="2021-03-09T23:26:55Z">
          <exception class="org.openqa.selenium.InvalidArgumentException">
            <message>
              <![CDATA[invalid argument
  (Session info: chrome=88.0.4324.190)
Build info: version: '3.141.59', revision: 'e82be7d358', time: '2018-11-14T08:17:03'
System info: host: 'LAPTOP-E359OF4O', ip: '192.168.0.112', os.name: 'Windows 10', os.arch: 'amd64', os.version: '10.0', java.version: '1.8.0_72'
Driver info: org.openqa.selenium.chrome.ChromeDriver
Capabilities {acceptInsecureCerts: false, browserName: chrome, browserVersion: 88.0.4324.190, chrome: {chromedriverVersion: 88.0.4324.96 (68dba2d8a0b14..., userDataDir: C:\Users\RAJUKU~1\AppData\L...}, goog:chromeOptions: {debuggerAddress: localhost:59143}, javascriptEnabled: true, networkConnectionEnabled: false, pageLoadStrategy: normal, platform: WINDOWS, platformName: WINDOWS, proxy: Proxy(), setWindowRect: true, strictFileInteractability: false, timeouts: {implicit: 0, pageLoad: 300000, script: 30000}, unhandledPromptBehavior: dismiss and notify, webauthn:extension:largeBlob: true, webauthn:virtualAuthenticators: true}
Session ID: 02798b50c84b435e8c0657ba3a34de9d]]>
            </message>
            <full-stacktrace>
              <![CDATA[org.openqa.selenium.InvalidArgumentException: invalid argument
  (Session info: chrome=88.0.4324.190)
Build info: version: '3.141.59', revision: 'e82be7d358', time: '2018-11-14T08:17:03'
System info: host: 'LAPTOP-E359OF4O', ip: '192.168.0.112', os.name: 'Windows 10', os.arch: 'amd64', os.version: '10.0', java.version: '1.8.0_72'
Driver info: org.openqa.selenium.chrome.ChromeDriver
Capabilities {acceptInsecureCerts: false, browserName: chrome, browserVersion: 88.0.4324.190, chrome: {chromedriverVersion: 88.0.4324.96 (68dba2d8a0b14..., userDataDir: C:\Users\RAJUKU~1\AppData\L...}, goog:chromeOptions: {debuggerAddress: localhost:59143}, javascriptEnabled: true, networkConnectionEnabled: false, pageLoadStrategy: normal, platform: WINDOWS, platformName: WINDOWS, proxy: Proxy(), setWindowRect: true, strictFileInteractability: false, timeouts: {implicit: 0, pageLoad: 300000, script: 30000}, unhandledPromptBehavior: dismiss and notify, webauthn:extension:largeBlob: true, webauthn:virtualAuthenticators: true}
Session ID: 02798b50c84b435e8c0657ba3a34de9d
	at sun.reflect.NativeConstructorAccessorImpl.newInstance0(Native Method)
	at sun.reflect.NativeConstructorAccessorImpl.newInstance(NativeConstructorAccessorImpl.java:62)
	at sun.reflect.DelegatingConstructorAccessorImpl.newInstance(DelegatingConstructorAccessorImpl.java:45)
	at java.lang.reflect.Constructor.newInstance(Constructor.java:423)
	at org.openqa.selenium.remote.http.W3CHttpResponseCodec.createException(W3CHttpResponseCodec.java:187)
	at org.openqa.selenium.remote.http.W3CHttpResponseCodec.decode(W3CHttpResponseCodec.java:122)
	at org.openqa.selenium.remote.http.W3CHttpResponseCodec.decode(W3CHttpResponseCodec.java:49)
	at org.openqa.selenium.remote.HttpCommandExecutor.execute(HttpCommandExecutor.java:158)
	at org.openqa.selenium.remote.service.DriverCommandExecutor.execute(DriverCommandExecutor.java:83)
	at org.openqa.selenium.remote.RemoteWebDriver.execute(RemoteWebDriver.java:552)
	at org.openqa.selenium.remote.RemoteWebDriver.get(RemoteWebDriver.java:277)
	at Academy.HomePage.initialize(HomePage.java:21)
	at sun.reflect.NativeMethodAccessorImpl.invoke0(Native Method)
	at sun.reflect.NativeMethodAccessorImpl.invoke(NativeMethodAccessorImpl.java:62)
	at sun.reflect.DelegatingMethodAccessorImpl.invoke(DelegatingMethodAccessorImpl.java:43)
	at java.lang.reflect.Method.invoke(Method.java:498)
	at org.testng.internal.MethodInvocationHelper.invokeMethod(MethodInvocationHelper.java:80)
	at org.testng.internal.Invoker.invokeConfigurationMethod(Invoker.java:564)
	at org.testng.internal.Invoker.invokeConfigurations(Invoker.java:213)
	at org.testng.internal.Invoker.invokeConfigurations(Invoker.java:138)
	at org.testng.TestRunner.beforeRun(TestRunner.java:641)
	at org.testng.TestRunner.run(TestRunner.java:609)
	at org.testng.SuiteRunner.runTest(SuiteRunner.java:334)
	at org.testng.SuiteRunner.runSequentially(SuiteRunner.java:329)
	at org.testng.SuiteRunner.privateRun(SuiteRunner.java:291)
	at org.testng.SuiteRunner.run(SuiteRunner.java:240)
	at org.testng.SuiteRunnerWorker.runSuite(SuiteRunnerWorker.java:52)
	at org.testng.SuiteRunnerWorker.run(SuiteRunnerWorker.java:86)
	at org.testng.TestNG.runSuitesSequentially(TestNG.java:1198)
	at org.testng.TestNG.runSuitesLocally(TestNG.java:1123)
	at org.testng.TestNG.run(TestNG.java:1031)
	at org.apache.maven.surefire.testng.TestNGExecutor.run(TestNGExecutor.java:284)
	at org.apache.maven.surefire.testng.TestNGXmlTestSuite.execute(TestNGXmlTestSuite.java:75)
	at org.apache.maven.surefire.testng.TestNGProvider.invoke(TestNGProvider.java:119)
	at org.apache.maven.surefire.booter.ForkedBooter.runSuitesInProcess(ForkedBooter.java:428)
	at org.apache.maven.surefire.booter.ForkedBooter.execute(ForkedBooter.java:162)
	at org.apache.maven.surefire.booter.ForkedBooter.run(ForkedBooter.java:562)
	at org.apache.maven.surefire.booter.ForkedBooter.main(ForkedBooter.java:548)
]]>
            </full-stacktrace>
          </exception> <!-- org.openqa.selenium.InvalidArgumentException -->
          <reporter-output>
          </reporter-output>
        </test-method> <!-- initialize -->
        <test-method status="SKIP" signature="initialize()[pri:0, instance:Academy.ValidateNavigation@215be6bb]" name="initialize" is-config="true" duration-ms="0" started-at="2021-03-09T23:27:24Z" finished-at="2021-03-09T23:27:24Z">
          <reporter-output>
          </reporter-output>
        </test-method> <!-- initialize -->
        <test-method status="SKIP" signature="initialize()[pri:0, instance:Academy.ValidateTitle@6a024a67]" name="initialize" is-config="true" duration-ms="0" started-at="2021-03-09T23:27:24Z" finished-at="2021-03-09T23:27:24Z">
          <reporter-output>
          </reporter-output>
        </test-method> <!-- initialize -->
        <test-method status="SKIP" signature="basePageNavigation(java.lang.String, java.lang.String, java.lang.String)[pri:0, instance:Academy.HomePage@4439f31e]" name="basePageNavigation" duration-ms="0" started-at="2021-03-09T23:27:24Z" data-provider="getData" finished-at="2021-03-09T23:27:24Z">
          <params>
            <param index="0">
              <value>
                <![CDATA[restrictedUser@gmail.com]]>
              </value>
            </param>
            <param index="1">
              <value>
                <![CDATA[123456]]>
              </value>
            </param>
            <param index="2">
              <value>
                <![CDATA[Non Restricted User]]>
              </value>
            </param>
          </params>
          <reporter-output>
          </reporter-output>
        </test-method> <!-- basePageNavigation -->
        <test-method status="SKIP" signature="basePageNavigation(java.lang.String, java.lang.String, java.lang.String)[pri:0, instance:Academy.HomePage@4439f31e]" name="basePageNavigation" duration-ms="0" started-at="2021-03-09T23:27:24Z" data-provider="getData" finished-at="2021-03-09T23:27:24Z">
          <params>
            <param index="0">
              <value>
                <![CDATA[nonrestrictedUser@gmail.com]]>
              </value>
            </param>
            <param index="1">
              <value>
                <![CDATA[12345]]>
              </value>
            </param>
            <param index="2">
              <value>
                <![CDATA[Restricted User]]>
              </value>
            </param>
          </params>
          <reporter-output>
          </reporter-output>
        </test-method> <!-- basePageNavigation -->
        <test-method status="SKIP" signature="tearDown()[pri:0, instance:Academy.ValidateTitle@6a024a67]" name="tearDown" is-config="true" duration-ms="0" started-at="2021-03-09T23:27:24Z" finished-at="2021-03-09T23:27:24Z">
          <reporter-output>
          </reporter-output>
        </test-method> <!-- tearDown -->
        <test-method status="SKIP" signature="tearDown()[pri:0, instance:Academy.HomePage@4439f31e]" name="tearDown" is-config="true" duration-ms="0" started-at="2021-03-09T23:27:24Z" finished-at="2021-03-09T23:27:24Z">
          <reporter-output>
          </reporter-output>
        </test-method> <!-- tearDown -->
        <test-method status="SKIP" signature="tearDown()[pri:0, instance:Academy.ValidateNavigation@215be6bb]" name="tearDown" is-config="true" duration-ms="0" started-at="2021-03-09T23:27:24Z" finished-at="2021-03-09T23:27:24Z">
          <reporter-output>
          </reporter-output>
        </test-method> <!-- tearDown -->
      </class> <!-- Academy.HomePage -->
      <class name="Academy.ValidateNavigation">
        <test-method status="SKIP" signature="basePageNavigation()[pri:0, instance:Academy.ValidateNavigation@215be6bb]" name="basePageNavigation" duration-ms="0" started-at="2021-03-09T23:27:24Z" finished-at="2021-03-09T23:27:24Z">
          <reporter-output>
          </reporter-output>
        </test-method> <!-- basePageNavigation -->
      </class> <!-- Academy.ValidateNavigation -->
    </test> <!-- Test -->
  </suite> <!-- Suite -->
</testng-results>
