<?xml version="1.0" encoding="UTF-8"?>
<testsuite xmlns:xsi="http://www.w3.org/2001/XMLSchema-instance" xsi:noNamespaceSchemaLocation="https://maven.apache.org/surefire/maven-surefire-plugin/xsd/surefire-test-report-3.0.xsd" version="3.0" name="TestSuite" time="32.506" tests="10" errors="0" skipped="9" failures="1">
  <properties>
[...]
</properties>
  <testcase name="initialize" classname="Academy.HomePage" time="29.927">
    <failure message="invalid argument&#10;  (Session info: chrome=88.0.4324.190)&#10;Build info: version: &apos;3.141.59&apos;, revision: &apos;e82be7d358&apos;, time: &apos;2018-11-14T08:17:03&apos;&#10;System info: host: &apos;LAPTOP-E359OF4O&apos;, ip: &apos;192.168.0.112&apos;, os.name: &apos;Windows 10&apos;, os.arch: &apos;amd64&apos;, os.version: &apos;10.0&apos;, java.version: &apos;1.8.0_72&apos;&#10;Driver info: org.openqa.selenium.chrome.ChromeDriver&#10;Capabilities {acceptInsecureCerts: false, browserName: chrome, browserVersion: 88.0.4324.190, chrome: {chromedriverVersion: 88.0.4324.96 (68dba2d8a0b14..., userDataDir: C:\Users\RAJUKU~1\AppData\L...}, goog:chromeOptions: {debuggerAddress: localhost:59143}, javascriptEnabled: true, networkConnectionEnabled: false, pageLoadStrategy: normal, platform: WINDOWS, platformName: WINDOWS, proxy: Proxy(), setWindowRect: true, strictFileInteractability: false, timeouts: {implicit: 0, pageLoad: 300000, script: 30000}, unhandledPromptBehavior: dismiss and notify, webauthn:extension:largeBlob: true, webauthn:virtualAuthenticators: true}&#10;Session ID: 02798b50c84b435e8c0657ba3a34de9d" type="org.openqa.selenium.InvalidArgumentException"><![CDATA[org.openqa.selenium.InvalidArgumentException: 
invalid argument
  (Session info: chrome=88.0.4324.190)
Build info: version: '3.141.59', revision: 'e82be7d358', time: '2018-11-14T08:17:03'
System info: host: 'LAPTOP-E359OF4O', ip: '192.168.0.112', os.name: 'Windows 10', os.arch: 'amd64', os.version: '10.0', java.version: '1.8.0_72'
Driver info: org.openqa.selenium.chrome.ChromeDriver
Capabilities {acceptInsecureCerts: false, browserName: chrome, browserVersion: 88.0.4324.190, chrome: {chromedriverVersion: 88.0.4324.96 (68dba2d8a0b14..., userDataDir: C:\Users\RAJUKU~1\AppData\L...}, goog:chromeOptions: {debuggerAddress: localhost:59143}, javascriptEnabled: true, networkConnectionEnabled: false, pageLoadStrategy: normal, platform: WINDOWS, platformName: WINDOWS, proxy: Proxy(), setWindowRect: true, strictFileInteractability: false, timeouts: {implicit: 0, pageLoad: 300000, script: 30000}, unhandledPromptBehavior: dismiss and notify, webauthn:extension:largeBlob: true, webauthn:virtualAuthenticators: true}
Session ID: 02798b50c84b435e8c0657ba3a34de9d
	at Academy.HomePage.initialize(HomePage.java:21)
]]></failure>
    <system-out><![CDATA[chrome
]]></system-out>
    <system-err><![CDATA[Starting ChromeDriver 88.0.4324.96 (68dba2d8a0b149a1d3afac56fa74648032bcf46b-refs/branch-heads/4324@{#1784}) on port 26067
Only local connections are allowed.
Please see https://chromedriver.chromium.org/security-considerations for suggestions on keeping ChromeDriver safe.
ChromeDriver was started successfully.
Mar 09, 2021 11:27:24 PM org.openqa.selenium.remote.ProtocolHandshake createSession
INFO: Detected dialect: W3C
]]></system-err>
  </testcase>
  <testcase name="initialize" classname="Academy.HomePage" time="0">
    <skipped/>
  </testcase>
  <testcase name="initialize" classname="Academy.HomePage" time="0">
    <skipped/>
  </testcase>
  <testcase name="basePageNavigation[nonrestrictedUser@gmail.com, 12345, Restricted User](1)" classname="Academy.HomePage" time="0">
    <skipped/>
  </testcase>
  <testcase name="basePageNavigation[restrictedUser@gmail.com, 123456, Non Restricted User](2)" classname="Academy.HomePage" time="0">
    <skipped/>
  </testcase>
  <testcase name="tearDown" classname="Academy.HomePage" time="0">
    <skipped/>
  </testcase>
  <testcase name="tearDown" classname="Academy.HomePage" time="0">
    <skipped/>
  </testcase>
  <testcase name="tearDown" classname="Academy.HomePage" time="0">
    <skipped/>
  </testcase>
  <testcase name="basePageNavigation" classname="Academy.ValidateTitle" time="0">
    <skipped/>
  </testcase>
  <testcase name="basePageNavigation" classname="Academy.ValidateNavigation" time="0">
    <skipped/>
  </testcase>
</testsuite>